01:13:59.513 Api Request Received: messageType:GetStepValueRequest messageId:4 stepValueRequest:<stepText:"Open the Gauge homepage" > 
01:13:59.515 Sending API response: messageType:GetStepValueResponse messageId:4 stepValueResponse:<stepValue:<stepValue:"Open the Gauge homepage" parameterizedStepValue:"Open the Gauge homepage" > > 
01:13:59.532 Api Request Received: messageType:GetStepValueRequest messageId:4 stepValueRequest:<stepText:"Go to Gauge Get Started Page" > 
01:13:59.532 Sending API response: messageType:GetStepValueResponse messageId:4 stepValueResponse:<stepValue:<stepValue:"Go to Gauge Get Started Page" parameterizedStepValue:"Go to Gauge Get Started Page" > > 
01:13:59.533 Api Request Received: messageType:GetStepValueRequest messageId:4 stepValueRequest:<stepText:"Ensure installation instructions are available" > 
01:13:59.535 Sending API response: messageType:GetStepValueResponse messageId:4 stepValueResponse:<stepValue:<stepValue:"Ensure installation instructions are available" parameterizedStepValue:"Ensure installation instructions are available" > > 
01:23:12.136 Api Request Received: messageType:GetStepValueRequest messageId:4 stepValueRequest:<stepText:"Type <sSearchText> in search field" > 
01:23:12.137 Sending API response: messageType:GetStepValueResponse messageId:4 stepValueResponse:<stepValue:<stepValue:"Type {} in search field" parameterizedStepValue:"Type <sSearchText> in search field" parameters:"sSearchText" > > 
01:23:12.160 Api Request Received: messageType:GetStepValueRequest messageId:4 stepValueRequest:<stepText:"Open google home page" > 
01:23:12.160 Sending API response: messageType:GetStepValueResponse messageId:4 stepValueResponse:<stepValue:<stepValue:"Open google home page" parameterizedStepValue:"Open google home page" > > 
01:23:12.161 Api Request Received: messageType:GetStepValueRequest messageId:4 stepValueRequest:<stepText:"Click google search button" > 
01:23:12.162 Sending API response: messageType:GetStepValueResponse messageId:4 stepValueResponse:<stepValue:<stepValue:"Click google search button" parameterizedStepValue:"Click google search button" > > 
01:23:12.162 Api Request Received: messageType:GetStepValueRequest messageId:4 stepValueRequest:<stepText:"Check that first link in search result should be <upwork_profile_link>" > 
01:23:12.163 Sending API response: messageType:GetStepValueResponse messageId:4 stepValueResponse:<stepValue:<stepValue:"Check that first link in search result should be {}" parameterizedStepValue:"Check that first link in search result should be <upwork_profile_link>" parameters:"upwork_profile_link" > > 
01:24:51.168 Api Request Received: messageType:GetStepValueRequest messageId:4 stepValueRequest:<stepText:"Type <sSearchText> in search field" > 
01:24:51.170 Sending API response: messageType:GetStepValueResponse messageId:4 stepValueResponse:<stepValue:<stepValue:"Type {} in search field" parameterizedStepValue:"Type <sSearchText> in search field" parameters:"sSearchText" > > 
01:24:51.188 Api Request Received: messageType:GetStepValueRequest messageId:4 stepValueRequest:<stepText:"Open google home page" > 
01:24:51.189 Sending API response: messageType:GetStepValueResponse messageId:4 stepValueResponse:<stepValue:<stepValue:"Open google home page" parameterizedStepValue:"Open google home page" > > 
01:24:51.189 Api Request Received: messageType:GetStepValueRequest messageId:4 stepValueRequest:<stepText:"Click google search button" > 
01:24:51.189 Sending API response: messageType:GetStepValueResponse messageId:4 stepValueResponse:<stepValue:<stepValue:"Click google search button" parameterizedStepValue:"Click google search button" > > 
01:24:51.190 Api Request Received: messageType:GetStepValueRequest messageId:4 stepValueRequest:<stepText:"First link in search result should be <upwork_profile_link>" > 
01:24:51.190 Sending API response: messageType:GetStepValueResponse messageId:4 stepValueResponse:<stepValue:<stepValue:"First link in search result should be {}" parameterizedStepValue:"First link in search result should be <upwork_profile_link>" parameters:"upwork_profile_link" > > 
01:42:07.636 Api Request Received: messageType:GetStepValueRequest messageId:4 stepValueRequest:<stepText:"Type <sSearchText> in search field" > 
01:42:07.637 Sending API response: messageType:GetStepValueResponse messageId:4 stepValueResponse:<stepValue:<stepValue:"Type {} in search field" parameterizedStepValue:"Type <sSearchText> in search field" parameters:"sSearchText" > > 
01:42:07.652 Api Request Received: messageType:GetStepValueRequest messageId:4 stepValueRequest:<stepText:"Open google home page" > 
01:42:07.652 Sending API response: messageType:GetStepValueResponse messageId:4 stepValueResponse:<stepValue:<stepValue:"Open google home page" parameterizedStepValue:"Open google home page" > > 
01:42:07.653 Api Request Received: messageType:GetStepValueRequest messageId:4 stepValueRequest:<stepText:"Click google search button" > 
01:42:07.653 Sending API response: messageType:GetStepValueResponse messageId:4 stepValueResponse:<stepValue:<stepValue:"Click google search button" parameterizedStepValue:"Click google search button" > > 
01:42:07.653 Api Request Received: messageType:GetStepValueRequest messageId:4 stepValueRequest:<stepText:"First link in search result should be <upwork_profile_link>" > 
01:42:07.653 Sending API response: messageType:GetStepValueResponse messageId:4 stepValueResponse:<stepValue:<stepValue:"First link in search result should be {}" parameterizedStepValue:"First link in search result should be <upwork_profile_link>" parameters:"upwork_profile_link" > > 
02:06:13.499 Api Request Received: messageType:GetStepValueRequest messageId:4 stepValueRequest:<stepText:"Type <sSearchText> in search field" > 
02:06:13.501 Sending API response: messageType:GetStepValueResponse messageId:4 stepValueResponse:<stepValue:<stepValue:"Type {} in search field" parameterizedStepValue:"Type <sSearchText> in search field" parameters:"sSearchText" > > 
02:06:13.524 Api Request Received: messageType:GetStepValueRequest messageId:4 stepValueRequest:<stepText:"Open google home page" > 
02:06:13.524 Sending API response: messageType:GetStepValueResponse messageId:4 stepValueResponse:<stepValue:<stepValue:"Open google home page" parameterizedStepValue:"Open google home page" > > 
02:06:13.525 Api Request Received: messageType:GetStepValueRequest messageId:4 stepValueRequest:<stepText:"Click google search button" > 
02:06:13.525 Sending API response: messageType:GetStepValueResponse messageId:4 stepValueResponse:<stepValue:<stepValue:"Click google search button" parameterizedStepValue:"Click google search button" > > 
02:06:13.526 Api Request Received: messageType:GetStepValueRequest messageId:4 stepValueRequest:<stepText:"First link in search result should be <upwork_profile_link>" > 
02:06:13.526 Sending API response: messageType:GetStepValueResponse messageId:4 stepValueResponse:<stepValue:<stepValue:"First link in search result should be {}" parameterizedStepValue:"First link in search result should be <upwork_profile_link>" parameters:"upwork_profile_link" > > 
02:06:53.374 Api Request Received: messageType:GetStepValueRequest messageId:4 stepValueRequest:<stepText:"Type <sSearchText> in search field" > 
02:06:53.376 Sending API response: messageType:GetStepValueResponse messageId:4 stepValueResponse:<stepValue:<stepValue:"Type {} in search field" parameterizedStepValue:"Type <sSearchText> in search field" parameters:"sSearchText" > > 
02:06:53.401 Api Request Received: messageType:GetStepValueRequest messageId:4 stepValueRequest:<stepText:"Open google home page" > 
02:06:53.401 Sending API response: messageType:GetStepValueResponse messageId:4 stepValueResponse:<stepValue:<stepValue:"Open google home page" parameterizedStepValue:"Open google home page" > > 
02:06:53.402 Api Request Received: messageType:GetStepValueRequest messageId:4 stepValueRequest:<stepText:"Click google search button" > 
02:06:53.402 Sending API response: messageType:GetStepValueResponse messageId:4 stepValueResponse:<stepValue:<stepValue:"Click google search button" parameterizedStepValue:"Click google search button" > > 
02:06:53.403 Api Request Received: messageType:GetStepValueRequest messageId:4 stepValueRequest:<stepText:"First link in search result should be <upwork_profile_link>" > 
02:06:53.403 Sending API response: messageType:GetStepValueResponse messageId:4 stepValueResponse:<stepValue:<stepValue:"First link in search result should be {}" parameterizedStepValue:"First link in search result should be <upwork_profile_link>" parameters:"upwork_profile_link" > > 
02:55:59.086 Api Request Received: messageType:GetStepValueRequest messageId:4 stepValueRequest:<stepText:"Type <sSearchText> in search field" > 
02:55:59.087 Sending API response: messageType:GetStepValueResponse messageId:4 stepValueResponse:<stepValue:<stepValue:"Type {} in search field" parameterizedStepValue:"Type <sSearchText> in search field" parameters:"sSearchText" > > 
02:55:59.101 Api Request Received: messageType:GetStepValueRequest messageId:4 stepValueRequest:<stepText:"Open google home page" > 
02:55:59.101 Sending API response: messageType:GetStepValueResponse messageId:4 stepValueResponse:<stepValue:<stepValue:"Open google home page" parameterizedStepValue:"Open google home page" > > 
02:55:59.101 Api Request Received: messageType:GetStepValueRequest messageId:4 stepValueRequest:<stepText:"Click google search button" > 
02:55:59.101 Sending API response: messageType:GetStepValueResponse messageId:4 stepValueResponse:<stepValue:<stepValue:"Click google search button" parameterizedStepValue:"Click google search button" > > 
02:55:59.102 Api Request Received: messageType:GetStepValueRequest messageId:4 stepValueRequest:<stepText:"Check that first link in search result should be <upwork_profile_link>" > 
02:55:59.102 Sending API response: messageType:GetStepValueResponse messageId:4 stepValueResponse:<stepValue:<stepValue:"Check that first link in search result should be {}" parameterizedStepValue:"Check that first link in search result should be <upwork_profile_link>" parameters:"upwork_profile_link" > > 
08:47:28.300 Api Request Received: messageType:GetStepValueRequest messageId:4 stepValueRequest:<stepText:"Type <sSearchText> in search field" > 
08:47:28.303 Sending API response: messageType:GetStepValueResponse messageId:4 stepValueResponse:<stepValue:<stepValue:"Type {} in search field" parameterizedStepValue:"Type <sSearchText> in search field" parameters:"sSearchText" > > 
08:47:28.325 Api Request Received: messageType:GetStepValueRequest messageId:4 stepValueRequest:<stepText:"Open google home page" > 
08:47:28.326 Sending API response: messageType:GetStepValueResponse messageId:4 stepValueResponse:<stepValue:<stepValue:"Open google home page" parameterizedStepValue:"Open google home page" > > 
08:47:28.326 Api Request Received: messageType:GetStepValueRequest messageId:4 stepValueRequest:<stepText:"Click google search button" > 
08:47:28.326 Sending API response: messageType:GetStepValueResponse messageId:4 stepValueResponse:<stepValue:<stepValue:"Click google search button" parameterizedStepValue:"Click google search button" > > 
08:47:28.327 Api Request Received: messageType:GetStepValueRequest messageId:4 stepValueRequest:<stepText:"First link in search result should be <upwork_profile_link>" > 
08:47:28.327 Sending API response: messageType:GetStepValueResponse messageId:4 stepValueResponse:<stepValue:<stepValue:"First link in search result should be {}" parameterizedStepValue:"First link in search result should be <upwork_profile_link>" parameters:"upwork_profile_link" > > 
08:50:45.050 Api Request Received: messageType:GetStepValueRequest messageId:4 stepValueRequest:<stepText:"Type <sSearchText> in search field" > 
08:50:45.051 Sending API response: messageType:GetStepValueResponse messageId:4 stepValueResponse:<stepValue:<stepValue:"Type {} in search field" parameterizedStepValue:"Type <sSearchText> in search field" parameters:"sSearchText" > > 
08:50:45.076 Api Request Received: messageType:GetStepValueRequest messageId:4 stepValueRequest:<stepText:"Open google home page" > 
08:50:45.076 Sending API response: messageType:GetStepValueResponse messageId:4 stepValueResponse:<stepValue:<stepValue:"Open google home page" parameterizedStepValue:"Open google home page" > > 
08:50:45.078 Api Request Received: messageType:GetStepValueRequest messageId:4 stepValueRequest:<stepText:"Click google search button" > 
08:50:45.079 Sending API response: messageType:GetStepValueResponse messageId:4 stepValueResponse:<stepValue:<stepValue:"Click google search button" parameterizedStepValue:"Click google search button" > > 
08:50:45.079 Api Request Received: messageType:GetStepValueRequest messageId:4 stepValueRequest:<stepText:"First link in search result should be <upwork_profile_link>" > 
08:50:45.079 Sending API response: messageType:GetStepValueResponse messageId:4 stepValueResponse:<stepValue:<stepValue:"First link in search result should be {}" parameterizedStepValue:"First link in search result should be <upwork_profile_link>" parameters:"upwork_profile_link" > > 
09:23:42.464 Api Request Received: messageType:GetStepValueRequest messageId:4 stepValueRequest:<stepText:"Type <sSearchText> in search field" > 
09:23:42.465 Sending API response: messageType:GetStepValueResponse messageId:4 stepValueResponse:<stepValue:<stepValue:"Type {} in search field" parameterizedStepValue:"Type <sSearchText> in search field" parameters:"sSearchText" > > 
09:23:42.490 Api Request Received: messageType:GetStepValueRequest messageId:4 stepValueRequest:<stepText:"Open google home page" > 
09:23:42.490 Sending API response: messageType:GetStepValueResponse messageId:4 stepValueResponse:<stepValue:<stepValue:"Open google home page" parameterizedStepValue:"Open google home page" > > 
09:23:42.491 Api Request Received: messageType:GetStepValueRequest messageId:4 stepValueRequest:<stepText:"Click google search button" > 
09:23:42.491 Sending API response: messageType:GetStepValueResponse messageId:4 stepValueResponse:<stepValue:<stepValue:"Click google search button" parameterizedStepValue:"Click google search button" > > 
09:23:42.491 Api Request Received: messageType:GetStepValueRequest messageId:4 stepValueRequest:<stepText:"First link in search result should be <upwork_profile_link>" > 
09:23:42.492 Sending API response: messageType:GetStepValueResponse messageId:4 stepValueResponse:<stepValue:<stepValue:"First link in search result should be {}" parameterizedStepValue:"First link in search result should be <upwork_profile_link>" parameters:"upwork_profile_link" > > 
09:55:14.281 Api Request Received: messageType:GetStepValueRequest messageId:4 stepValueRequest:<stepText:"Type <sSearchText> in search field" > 
09:55:14.282 Sending API response: messageType:GetStepValueResponse messageId:4 stepValueResponse:<stepValue:<stepValue:"Type {} in search field" parameterizedStepValue:"Type <sSearchText> in search field" parameters:"sSearchText" > > 
09:55:14.296 Api Request Received: messageType:GetStepValueRequest messageId:4 stepValueRequest:<stepText:"Open google home page" > 
09:55:14.297 Sending API response: messageType:GetStepValueResponse messageId:4 stepValueResponse:<stepValue:<stepValue:"Open google home page" parameterizedStepValue:"Open google home page" > > 
09:55:14.297 Api Request Received: messageType:GetStepValueRequest messageId:4 stepValueRequest:<stepText:"Click google search button" > 
09:55:14.297 Sending API response: messageType:GetStepValueResponse messageId:4 stepValueResponse:<stepValue:<stepValue:"Click google search button" parameterizedStepValue:"Click google search button" > > 
09:55:14.298 Api Request Received: messageType:GetStepValueRequest messageId:4 stepValueRequest:<stepText:"First link in search result should be <upwork_profile_link>" > 
09:55:14.298 Sending API response: messageType:GetStepValueResponse messageId:4 stepValueResponse:<stepValue:<stepValue:"First link in search result should be {}" parameterizedStepValue:"First link in search result should be <upwork_profile_link>" parameters:"upwork_profile_link" > > 
